<?xml version="1.0" encoding="UTF-8"?>
<testng-results ignored="0" total="1" passed="1" failed="0" skipped="0">
  <reporter-output>
  </reporter-output>
  <suite started-at="2025-10-17T19:47:35 CST" name="Command line suite" finished-at="2025-10-17T19:49:02 CST" duration-ms="87656">
    <groups>
    </groups>
    <test started-at="2025-10-17T19:47:35 CST" name="Command line test" finished-at="2025-10-17T19:49:02 CST" duration-ms="87656">
      <class name="com.bombero.tests.InventoryManagementTest">
        <test-method is-config="true" signature="setUp()[pri:0, instance:com.bombero.tests.InventoryManagementTest@103f852]" started-at="2025-10-17T19:47:35 CST" name="setUp" finished-at="2025-10-17T19:47:40 CST" duration-ms="4994" status="PASS">
          <reporter-output>
          </reporter-output>
        </test-method> <!-- setUp -->
        <test-method signature="testAgregarProductoInventario()[pri:0, instance:com.bombero.tests.InventoryManagementTest@103f852]" started-at="2025-10-17T19:47:40 CST" name="testAgregarProductoInventario" finished-at="2025-10-17T19:48:59 CST" duration-ms="79599" status="PASS">
          <reporter-output>
          </reporter-output>
        </test-method> <!-- testAgregarProductoInventario -->
        <test-method is-config="true" signature="tearDown()[pri:0, instance:com.bombero.tests.InventoryManagementTest@103f852]" started-at="2025-10-17T19:48:59 CST" name="tearDown" finished-at="2025-10-17T19:49:02 CST" duration-ms="3016" status="PASS">
          <reporter-output>
          </reporter-output>
        </test-method> <!-- tearDown -->
      </class> <!-- com.bombero.tests.InventoryManagementTest -->
    </test> <!-- Command line test -->
  </suite> <!-- Command line suite -->
</testng-results>
